2023-03-31 20:03:645 INFO  Testbase:58 - -->opening Chrome Driver
2023-03-31 20:03:794 INFO  Testbase:73 - -->Maximizing Browser
2023-03-31 20:03:776 INFO  Testbase:75 - -->Deleting All cookies
2023-03-31 20:03:776 INFO  Hooks:25 - --> Initializing Driver 
2023-03-31 20:03:828 INFO  Hooks:50 - --> Starting to exececute nextstep
2023-03-31 20:03:505 INFO  Hooks:58 - --> Added Step Screenshot 
2023-03-31 20:03:505 INFO  Hooks:50 - --> Starting to exececute nextstep
2023-03-31 20:03:723 INFO  Hooks:58 - --> Added Step Screenshot 
2023-03-31 20:03:726 INFO  Hooks:50 - --> Starting to exececute nextstep
2023-03-31 20:03:896 INFO  Hooks:58 - --> Added Step Screenshot 
2023-03-31 20:03:900 INFO  Hooks:50 - --> Starting to exececute nextstep
2023-03-31 20:03:55 INFO  Hooks:58 - --> Added Step Screenshot 
2023-03-31 20:03:55 INFO  Hooks:50 - --> Starting to exececute nextstep
2023-03-31 20:03:232 INFO  PageNameActions:22 - --> Entering Email Address
2023-03-31 20:03:427 INFO  Hooks:58 - --> Added Step Screenshot 
2023-03-31 20:03:427 INFO  Hooks:50 - --> Starting to exececute nextstep
2023-03-31 20:03:740 INFO  Hooks:58 - --> Added Step Screenshot 
2023-03-31 20:03:740 INFO  Hooks:50 - --> Starting to exececute nextstep
2023-03-31 20:03:43 INFO  Hooks:58 - --> Added Step Screenshot 
2023-03-31 20:03:03 INFO  Hooks:31 - --> Destroying Driver 
2023-03-31 20:03:436 INFO  Testbase:58 - -->opening Chrome Driver
2023-03-31 20:03:566 INFO  Testbase:73 - -->Maximizing Browser
2023-03-31 20:03:929 INFO  Testbase:75 - -->Deleting All cookies
2023-03-31 20:03:932 INFO  Hooks:25 - --> Initializing Driver 
2023-03-31 20:03:939 INFO  Hooks:50 - --> Starting to exececute nextstep
2023-03-31 20:03:105 INFO  Hooks:58 - --> Added Step Screenshot 
2023-03-31 20:03:105 INFO  Hooks:50 - --> Starting to exececute nextstep
2023-03-31 20:03:298 INFO  Hooks:58 - --> Added Step Screenshot 
2023-03-31 20:03:298 INFO  Hooks:50 - --> Starting to exececute nextstep
2023-03-31 20:03:448 INFO  Hooks:58 - --> Added Step Screenshot 
2023-03-31 20:03:448 INFO  Hooks:50 - --> Starting to exececute nextstep
2023-03-31 20:03:601 INFO  Hooks:58 - --> Added Step Screenshot 
2023-03-31 20:03:601 INFO  Hooks:50 - --> Starting to exececute nextstep
2023-03-31 20:03:752 INFO  PageNameActions:22 - --> Entering Email Address
2023-03-31 20:03:949 INFO  Hooks:58 - --> Added Step Screenshot 
2023-03-31 20:03:951 INFO  Hooks:50 - --> Starting to exececute nextstep
2023-03-31 20:03:268 INFO  Hooks:58 - --> Added Step Screenshot 
2023-03-31 20:03:268 INFO  Hooks:50 - --> Starting to exececute nextstep
2023-03-31 20:03:614 INFO  Hooks:58 - --> Added Step Screenshot 
2023-03-31 20:03:501 INFO  Hooks:31 - --> Destroying Driver 
